
news id is :6
news id is :6
news id is :6
news id is :6
news id is :6
news id is :6
news id is :6
news id is :6
news id is :6
news id is :6
news id is :6
news id is :6
news id is :6
news id is :6
news id is :6
news id is :6
news id is :6
news id is :6
news id is :6
news id is :6
news id is :6
news id is :6
news id is :6
news id is :6
news id is :6
news id is :6
news id is :6
news id is :6
news id is :6
news id is :6
news id is :6
news id is :6
news id is :5
news id is :5
news id is :3
news id is :5
news id is :5
search text is :
search text is :watch
search text is :watch
search text is :battlefield
search text is :battlefield
search text is :battlefield
search text is :battlefield
search text is :battlefield
search text is :battlefield
search text is :battlefield
search text is :battlefield
search text is :battlefield
search text is :battlefield
search text is :battlefield
search text is :battlefield
search text is :battlefield
search text is :battlefield
search text is :battlefield
search text is :batt
search text is :batt
search text is :batt
search text is :batt
search text is :batt
search text is :batt
search text is :batt
search text is :watch
search text is :ass
search text is :batt
search text is :watch
search text is :batt
search text is :
search text is :
news id is :6
search text is :
search text is :
news id is :0
news id is :0
news id is :0
news id is :2
news id is :4
news id is :4
news id is :3
news id is :5
news id is :6
news id is :5
news id is :3
news id is :3
news id is :5
news id is :3
news id is :3
news id is :5
news id is :3
news id is :5
news id is :5
news id is :3
news id is :6
news id is :6
news id is :
news id is :
news id is :
news id is :
news id is :
news id is :
news id is :
news id is :
news id is :
news id is :6
news id is :3
news id is :
news id is :5
news id is :5
news id is :5
news id is :3